2016-02-18 12:55:52,651 INFO  [main] selenium.SeleniumSingleton (SeleniumSingleton.java:25) - class com.arrival.selenium.SeleniumSingleton set up!!
2016-02-18 12:55:52,700 DEBUG [main] selenium.WebDriverManager (WebDriverManager.java:40) - Setting up Webdriver
2016-02-18 12:55:52,701 DEBUG [main] selenium.WebDriverManager (WebDriverManager.java:58) - C:\Users\a.kutekidila\Dev\GitHub\arrival-octo
2016-02-18 12:55:52,704 INFO  [main] utilities.SystemPreferences (SystemPreferences.java:37) - class com.arrival.utilities.SystemPreferences is loaded!!
2016-02-18 12:55:52,733 DEBUG [main] selenium.WebDriverManager (WebDriverManager.java:192) - Configuring ChromeDriver
2016-02-18 12:55:52,745 DEBUG [main] selenium.WebDriverManager (WebDriverManager.java:201) - ChromeDriver configured successfully
2016-02-18 12:57:32,992 INFO  [main] selenium.SeleniumSingleton (SeleniumSingleton.java:25) - class com.arrival.selenium.SeleniumSingleton set up!!
2016-02-18 12:58:01,143 DEBUG [main] selenium.WebDriverManager (WebDriverManager.java:40) - Setting up Webdriver
2016-02-18 12:58:01,146 DEBUG [main] selenium.WebDriverManager (WebDriverManager.java:58) - C:\Users\a.kutekidila\Dev\GitHub\arrival-octo
2016-02-18 12:58:01,154 INFO  [main] utilities.SystemPreferences (SystemPreferences.java:37) - class com.arrival.utilities.SystemPreferences is loaded!!
2016-02-18 12:58:01,248 DEBUG [main] selenium.WebDriverManager (WebDriverManager.java:192) - Configuring ChromeDriver
2016-02-18 12:58:01,281 DEBUG [main] selenium.WebDriverManager (WebDriverManager.java:201) - ChromeDriver configured successfully
2016-02-18 12:58:20,934 INFO  [main] selenium.SeleniumSingleton (SeleniumSingleton.java:25) - class com.arrival.selenium.SeleniumSingleton set up!!
2016-02-18 12:58:26,471 DEBUG [main] selenium.WebDriverManager (WebDriverManager.java:40) - Setting up Webdriver
2016-02-18 12:58:43,337 DEBUG [main] selenium.WebDriverManager (WebDriverManager.java:58) - C:\Users\a.kutekidila\Dev\GitHub\arrival-octo
2016-02-18 12:59:02,084 INFO  [main] utilities.SystemPreferences (SystemPreferences.java:37) - class com.arrival.utilities.SystemPreferences is loaded!!
2016-02-18 12:59:27,501 DEBUG [main] selenium.WebDriverManager (WebDriverManager.java:192) - Configuring ChromeDriver
2016-02-18 12:59:27,536 DEBUG [main] selenium.WebDriverManager (WebDriverManager.java:201) - ChromeDriver configured successfully
2016-02-18 13:00:55,919 INFO  [main] selenium.SeleniumSingleton (SeleniumSingleton.java:25) - class com.arrival.selenium.SeleniumSingleton set up!!
2016-02-18 13:00:59,624 DEBUG [main] selenium.WebDriverManager (WebDriverManager.java:40) - Setting up Webdriver
2016-02-18 13:00:59,662 DEBUG [main] selenium.WebDriverManager (WebDriverManager.java:114) - Configuring FirefoxDriver
2016-02-18 13:00:59,721 DEBUG [main] selenium.WebDriverManager (WebDriverManager.java:155) - FirefoxDriver configured successfully
2016-02-18 13:01:38,761 INFO  [main] selenium.SeleniumSingleton (SeleniumSingleton.java:25) - class com.arrival.selenium.SeleniumSingleton set up!!
2016-02-18 13:01:59,479 DEBUG [main] selenium.WebDriverManager (WebDriverManager.java:40) - Setting up Webdriver
2016-02-18 13:02:26,068 DEBUG [main] selenium.WebDriverManager (WebDriverManager.java:116) - Configuring FirefoxDriver
2016-02-18 13:02:26,227 DEBUG [main] selenium.WebDriverManager (WebDriverManager.java:157) - FirefoxDriver configured successfully
2016-02-18 14:08:57,296 INFO  [main] utilities.SystemPreferences (SystemPreferences.java:37) - class com.arrival.utilities.SystemPreferences is loaded!!
2016-02-18 14:08:57,506 INFO  [JavaFX Application Thread] view.ViewArrivalLogIn (ViewArrivalLogIn.java:39) - Start App with LogIn
2016-02-18 14:08:58,868 INFO  [JavaFX Application Thread] view.ViewArrivalLogIn (ViewArrivalLogIn.java:55) - LogIn show up
2016-02-18 14:09:01,670 INFO  [JavaFX Application Thread] appium.AppiumSingleton (AppiumSingleton.java:25) - class com.arrival.appium.AppiumSingleton set up!!
2016-02-18 14:09:01,680 INFO  [JavaFX Application Thread] selenium.SeleniumSingleton (SeleniumSingleton.java:25) - class com.arrival.selenium.SeleniumSingleton set up!!
2016-02-18 14:09:01,687 INFO  [JavaFX Application Thread] controller.FXMLArrivalMainController (FXMLArrivalMainController.java:301) - javafx.event.Event$$Lambda$66/1722649813@3c922574
2016-02-18 14:09:08,761 INFO  [JavaFX Application Thread] controller.FXMLArrivalMainController (FXMLArrivalMainController.java:402) - Button[id=btnAddTestcase, styleClass=button]'Add Testcase'Web
2016-02-18 14:09:12,144 INFO  [JavaFX Application Thread] controller.FXMLArrivalMainController (FXMLArrivalMainController.java:484) - Button[id=btnOptions, styleClass=button]'Options'
2016-02-18 14:09:13,610 INFO  [JavaFX Application Thread] controller.FXMLArrivalOptionsController (FXMLArrivalOptionsController.java:206) - ComboBox[id=cmbPlatform, styleClass=combo-box-base combo-box]
2016-02-18 14:09:22,057 INFO  [JavaFX Application Thread] controller.FXMLArrivalOptionsController (FXMLArrivalOptionsController.java:176) - Button[id=btnOK, styleClass=button]'OK'
2016-02-18 14:09:22,062 INFO  [JavaFX Application Thread] controller.FXMLArrivalOptionsController (FXMLArrivalOptionsController.java:184) - Web->false->2->FF - FireFox->Non->Android->Mobile Web->->->->->false->->
2016-02-18 14:09:23,288 INFO  [JavaFX Application Thread] controller.FXMLArrivalMainController (FXMLArrivalMainController.java:455) - Button[id=btnRun, styleClass=button]'Run'
2016-02-18 14:09:23,289 INFO  [JavaFX Application Thread] controller.FXMLArrivalTableViewController (FXMLArrivalTableViewController.java:109) - Web->false->2->FF - FireFox->Non->Android->Mobile Web->->->->->false->->
2016-02-18 14:09:23,320 INFO  [JavaFX Application Thread] suites.ArrivalTestSuite (ArrivalTestSuite.java:176) - Directory creation success!
2016-02-18 14:09:23,336 INFO  [Thread-5] listener.PreConfigListenerSelenium (PreConfigListenerSelenium.java:44) - TestNG is going to start the Pre-Config for Selenium
2016-02-18 14:09:23,432 DEBUG [Thread-5] selenium.WebDriverManager (WebDriverManager.java:40) - Setting up Webdriver
2016-02-18 14:09:23,446 DEBUG [Thread-5] selenium.WebDriverManager (WebDriverManager.java:116) - Configuring FirefoxDriver
2016-02-18 14:09:23,484 DEBUG [Thread-5] selenium.WebDriverManager (WebDriverManager.java:157) - FirefoxDriver configured successfully
2016-02-18 14:09:24,225 INFO  [Thread-5] listener.PreConfigListenerSelenium (PreConfigListenerSelenium.java:54) - TestNG has finished, took around 889ms
2016-02-18 14:09:40,353 INFO  [JavaFX Application Thread] controller.FXMLArrivalMainController (FXMLArrivalMainController.java:402) - Button[id=btnAddTestcase, styleClass=button]'Add Testcase'Web
2016-02-18 14:09:42,577 INFO  [JavaFX Application Thread] controller.FXMLArrivalMainController (FXMLArrivalMainController.java:455) - Button[id=btnRun, styleClass=button]'Run'
2016-02-18 14:09:42,578 INFO  [JavaFX Application Thread] controller.FXMLArrivalTableViewController (FXMLArrivalTableViewController.java:109) - Web->false->2->FF - FireFox->Non->Android->Mobile Web->->->->->false->->
2016-02-18 14:09:42,579 INFO  [JavaFX Application Thread] suites.ArrivalTestSuite (ArrivalTestSuite.java:176) - Directory creation success!
2016-02-18 14:09:42,580 INFO  [Thread-7] listener.PreConfigListenerSelenium (PreConfigListenerSelenium.java:44) - TestNG is going to start the Pre-Config for Selenium
2016-02-18 14:09:42,603 DEBUG [Thread-7] selenium.WebDriverManager (WebDriverManager.java:40) - Setting up Webdriver
2016-02-18 14:09:42,604 DEBUG [Thread-7] selenium.WebDriverManager (WebDriverManager.java:116) - Configuring FirefoxDriver
2016-02-18 14:09:42,608 DEBUG [Thread-7] selenium.WebDriverManager (WebDriverManager.java:157) - FirefoxDriver configured successfully
2016-02-18 14:09:43,032 INFO  [Thread-7] listener.PreConfigListenerSelenium (PreConfigListenerSelenium.java:54) - TestNG has finished, took around 452ms
2016-02-18 14:10:08,803 INFO  [JavaFX Application Thread] controller.FXMLArrivalMainController (FXMLArrivalMainController.java:455) - Button[id=btnRun, styleClass=button]'Run'
2016-02-18 14:10:08,803 INFO  [JavaFX Application Thread] controller.FXMLArrivalTableViewController (FXMLArrivalTableViewController.java:109) - Web->false->2->FF - FireFox->Non->Android->Mobile Web->->->->->false->->
2016-02-18 14:10:08,805 INFO  [JavaFX Application Thread] suites.ArrivalTestSuite (ArrivalTestSuite.java:176) - Directory creation success!
2016-02-18 14:10:08,807 INFO  [Thread-8] listener.PreConfigListenerSelenium (PreConfigListenerSelenium.java:44) - TestNG is going to start the Pre-Config for Selenium
2016-02-18 14:10:08,822 DEBUG [Thread-8] selenium.WebDriverManager (WebDriverManager.java:40) - Setting up Webdriver
2016-02-18 14:10:08,823 DEBUG [Thread-8] selenium.WebDriverManager (WebDriverManager.java:116) - Configuring FirefoxDriver
2016-02-18 14:10:08,829 DEBUG [Thread-8] selenium.WebDriverManager (WebDriverManager.java:157) - FirefoxDriver configured successfully
2016-02-18 14:10:09,728 INFO  [Thread-8] listener.PreConfigListenerSelenium (PreConfigListenerSelenium.java:54) - TestNG has finished, took around 921ms
2016-02-18 14:15:37,170 INFO  [main] selenium.SeleniumSingleton (SeleniumSingleton.java:25) - class com.arrival.selenium.SeleniumSingleton set up!!
2016-02-18 14:15:37,223 DEBUG [main] selenium.WebDriverManager (WebDriverManager.java:40) - Setting up Webdriver
2016-02-18 14:15:37,224 DEBUG [main] selenium.WebDriverManager (WebDriverManager.java:60) - C:\Users\a.kutekidila\Dev\GitHub\arrival-octo
2016-02-18 14:15:37,226 INFO  [main] utilities.SystemPreferences (SystemPreferences.java:37) - class com.arrival.utilities.SystemPreferences is loaded!!
2016-02-18 14:15:37,242 DEBUG [main] selenium.WebDriverManager (WebDriverManager.java:194) - Configuring ChromeDriver
2016-02-18 14:15:37,251 DEBUG [main] selenium.WebDriverManager (WebDriverManager.java:203) - ChromeDriver configured successfully
2016-02-18 14:54:11,924 INFO  [main] selenium.SeleniumSingleton (SeleniumSingleton.java:25) - class com.arrival.selenium.SeleniumSingleton set up!!
2016-02-18 14:54:26,575 DEBUG [main] selenium.WebDriverManager (WebDriverManager.java:40) - Setting up Webdriver
2016-02-18 14:55:16,124 DEBUG [main] selenium.WebDriverManager (WebDriverManager.java:60) - C:\Users\a.kutekidila\Dev\GitHub\arrival-octo
2016-02-18 14:55:47,316 INFO  [main] utilities.SystemPreferences (SystemPreferences.java:37) - class com.arrival.utilities.SystemPreferences is loaded!!
2016-02-18 14:59:47,577 INFO  [main] selenium.SeleniumSingleton (SeleniumSingleton.java:25) - class com.arrival.selenium.SeleniumSingleton set up!!
2016-02-18 14:59:51,667 DEBUG [main] selenium.WebDriverManager (WebDriverManager.java:40) - Setting up Webdriver
2016-02-18 14:59:55,660 DEBUG [main] selenium.WebDriverManager (WebDriverManager.java:60) - C:\Users\a.kutekidila\Dev\GitHub\arrival-octo
2016-02-18 14:59:57,408 INFO  [main] utilities.SystemPreferences (SystemPreferences.java:37) - class com.arrival.utilities.SystemPreferences is loaded!!
2016-02-18 15:00:08,866 DEBUG [main] selenium.WebDriverManager (WebDriverManager.java:194) - Configuring ChromeDriver
2016-02-18 15:00:08,899 DEBUG [main] selenium.WebDriverManager (WebDriverManager.java:203) - ChromeDriver configured successfully
2016-02-18 15:00:18,021 INFO  [main] selenium.SeleniumSingleton (SeleniumSingleton.java:25) - class com.arrival.selenium.SeleniumSingleton set up!!
2016-02-18 15:00:24,612 DEBUG [main] selenium.WebDriverManager (WebDriverManager.java:40) - Setting up Webdriver
2016-02-18 15:00:30,446 DEBUG [main] selenium.WebDriverManager (WebDriverManager.java:60) - C:\Users\a.kutekidila\Dev\GitHub\arrival-octo
2016-02-18 15:00:38,305 INFO  [main] utilities.SystemPreferences (SystemPreferences.java:37) - class com.arrival.utilities.SystemPreferences is loaded!!
2016-02-18 15:01:07,844 DEBUG [main] selenium.WebDriverManager (WebDriverManager.java:194) - Configuring ChromeDriver
2016-02-18 15:01:07,885 DEBUG [main] selenium.WebDriverManager (WebDriverManager.java:203) - ChromeDriver configured successfully
2016-02-18 15:02:08,358 INFO  [main] selenium.SeleniumSingleton (SeleniumSingleton.java:25) - class com.arrival.selenium.SeleniumSingleton set up!!
2016-02-18 15:02:11,176 DEBUG [main] selenium.WebDriverManager (WebDriverManager.java:40) - Setting up Webdriver
2016-02-18 15:02:22,266 DEBUG [main] selenium.WebDriverManager (WebDriverManager.java:60) - C:\Users\a.kutekidila\Dev\GitHub\arrival-octo
2016-02-18 15:02:31,615 INFO  [main] utilities.SystemPreferences (SystemPreferences.java:37) - class com.arrival.utilities.SystemPreferences is loaded!!
2016-02-18 15:02:54,017 DEBUG [main] selenium.WebDriverManager (WebDriverManager.java:194) - Configuring ChromeDriver
2016-02-18 15:03:13,226 DEBUG [main] selenium.WebDriverManager (WebDriverManager.java:203) - ChromeDriver configured successfully
2016-02-18 15:04:18,091 INFO  [main] selenium.SeleniumSingleton (SeleniumSingleton.java:25) - class com.arrival.selenium.SeleniumSingleton set up!!
2016-02-18 15:04:31,126 DEBUG [main] selenium.WebDriverManager (WebDriverManager.java:40) - Setting up Webdriver
2016-02-18 15:04:32,935 DEBUG [main] selenium.WebDriverManager (WebDriverManager.java:60) - C:\Users\a.kutekidila\Dev\GitHub\arrival-octo
2016-02-18 15:04:34,082 INFO  [main] utilities.SystemPreferences (SystemPreferences.java:37) - class com.arrival.utilities.SystemPreferences is loaded!!
2016-02-18 15:04:42,581 DEBUG [main] selenium.WebDriverManager (WebDriverManager.java:195) - Configuring ChromeDriver
2016-02-18 15:04:47,247 DEBUG [main] selenium.WebDriverManager (WebDriverManager.java:204) - ChromeDriver configured successfully
2016-02-18 15:20:49,768 INFO  [main] selenium.SeleniumSingleton (SeleniumSingleton.java:25) - class com.arrival.selenium.SeleniumSingleton set up!!
2016-02-18 15:20:51,016 DEBUG [main] selenium.WebDriverManager (WebDriverManager.java:40) - Setting up Webdriver
2016-02-18 15:20:53,010 DEBUG [main] selenium.WebDriverManager (WebDriverManager.java:58) - C:\Users\a.kutekidila\Dev\GitHub\arrival-octo
2016-02-18 15:20:54,190 INFO  [main] utilities.SystemPreferences (SystemPreferences.java:37) - class com.arrival.utilities.SystemPreferences is loaded!!
2016-02-18 15:20:55,765 DEBUG [main] selenium.WebDriverManager (WebDriverManager.java:189) - Configuring ChromeDriver
2016-02-18 15:20:55,799 DEBUG [main] selenium.WebDriverManager (WebDriverManager.java:198) - ChromeDriver configured successfully
2016-02-18 15:22:33,574 INFO  [main] selenium.SeleniumSingleton (SeleniumSingleton.java:25) - class com.arrival.selenium.SeleniumSingleton set up!!
2016-02-18 15:22:33,631 DEBUG [main] selenium.WebDriverManager (WebDriverManager.java:40) - Setting up Webdriver
2016-02-18 15:22:33,632 DEBUG [main] selenium.WebDriverManager (WebDriverManager.java:58) - C:\Users\a.kutekidila\Dev\GitHub\arrival-octo
2016-02-18 15:22:33,634 INFO  [main] utilities.SystemPreferences (SystemPreferences.java:37) - class com.arrival.utilities.SystemPreferences is loaded!!
2016-02-18 15:22:33,655 DEBUG [main] selenium.WebDriverManager (WebDriverManager.java:189) - Configuring ChromeDriver
2016-02-18 15:22:33,665 DEBUG [main] selenium.WebDriverManager (WebDriverManager.java:198) - ChromeDriver configured successfully
2016-02-18 15:24:10,658 INFO  [main] selenium.SeleniumSingleton (SeleniumSingleton.java:25) - class com.arrival.selenium.SeleniumSingleton set up!!
2016-02-18 15:24:10,706 DEBUG [main] selenium.WebDriverManager (WebDriverManager.java:40) - Setting up Webdriver
2016-02-18 15:24:10,707 DEBUG [main] selenium.WebDriverManager (WebDriverManager.java:58) - C:\Users\a.kutekidila\Dev\GitHub\arrival-octo
2016-02-18 15:24:10,709 INFO  [main] utilities.SystemPreferences (SystemPreferences.java:37) - class com.arrival.utilities.SystemPreferences is loaded!!
2016-02-18 15:24:10,724 DEBUG [main] selenium.WebDriverManager (WebDriverManager.java:189) - Configuring ChromeDriver
2016-02-18 15:24:10,733 DEBUG [main] selenium.WebDriverManager (WebDriverManager.java:198) - ChromeDriver configured successfully
2016-02-18 16:06:28,588 INFO  [main] selenium.SeleniumSingleton (SeleniumSingleton.java:25) - class com.arrival.selenium.SeleniumSingleton set up!!
2016-02-18 16:06:28,648 DEBUG [main] selenium.WebDriverManager (WebDriverManager.java:40) - Setting up Webdriver
2016-02-18 16:06:28,649 DEBUG [main] selenium.WebDriverManager (WebDriverManager.java:58) - C:\Users\a.kutekidila\Dev\GitHub\arrival-octo
2016-02-18 16:06:28,651 INFO  [main] utilities.SystemPreferences (SystemPreferences.java:37) - class com.arrival.utilities.SystemPreferences is loaded!!
2016-02-18 16:06:28,682 DEBUG [main] selenium.WebDriverManager (WebDriverManager.java:189) - Configuring ChromeDriver
2016-02-18 16:06:28,746 DEBUG [main] selenium.WebDriverManager (WebDriverManager.java:198) - ChromeDriver configured successfully
2016-02-18 16:06:36,445 DEBUG [main] selenium.WebDriverManager (WebDriverManager.java:99) - WebDriver initialized
